<?xml version="1.0" encoding="UTF-8"?>
<testng-results skipped="0" failed="0" ignored="24" total="26" passed="2">
  <reporter-output>
  </reporter-output>
  <suite name="Suite" duration-ms="109224" started-at="2019-09-27T13:09:49Z" finished-at="2019-09-27T13:11:39Z">
    <groups>
    </groups>
    <test name="Test" duration-ms="109224" started-at="2019-09-27T13:09:49Z" finished-at="2019-09-27T13:11:39Z">
      <class name="test.TestScripts">
        <test-method status="PASS" signature="init()[pri:0, instance:test.TestScripts@68c4039c]" name="init" is-config="true" duration-ms="8962" started-at="2019-09-27T13:09:49Z" finished-at="2019-09-27T13:09:58Z">
          <reporter-output>
          </reporter-output>
        </test-method> <!-- init -->
        <test-method status="PASS" signature="C1947()[pri:0, instance:test.TestScripts@68c4039c]" name="C1947" duration-ms="24334" started-at="2019-09-27T13:09:58Z" finished-at="2019-09-27T13:10:23Z">
          <reporter-output>
          </reporter-output>
        </test-method> <!-- C1947 -->
        <test-method status="PASS" signature="C1940()[pri:0, instance:test.TestScripts@68c4039c]" name="C1940" duration-ms="75908" started-at="2019-09-27T13:10:23Z" finished-at="2019-09-27T13:11:39Z">
          <reporter-output>
          </reporter-output>
        </test-method> <!-- C1940 -->
      </class> <!-- test.TestScripts -->
    </test> <!-- Test -->
  </suite> <!-- Suite -->
</testng-results>
