<?xml version="1.0" encoding="UTF-8"?>
<!-- Generated by org.testng.reporters.JUnitXMLReporter -->
<testsuite hostname="DESKTOP-HP3BRGL" ignored="24" name="Test" tests="2" failures="0" timestamp="27 Sep 2019 13:11:39 GMT" time="109.224" errors="0">
  <testcase name="C1947" time="24.334" classname="test.TestScripts"/>
  <testcase name="C1940" time="75.908" classname="test.TestScripts"/>
  <testcase name="C1938" time="0.0" classname="test.TestScripts">
    <ignored/>
  </testcase> <!-- C1938 -->
  <testcase name="C58631" time="0.0" classname="test.TestScripts">
    <ignored/>
  </testcase> <!-- C58631 -->
  <testcase name="C11987" time="0.0" classname="test.TestScripts">
    <ignored/>
  </testcase> <!-- C11987 -->
  <testcase name="C11991" time="0.0" classname="test.TestScripts">
    <ignored/>
  </testcase> <!-- C11991 -->
  <testcase name="C1939" time="0.0" classname="test.TestScripts">
    <ignored/>
  </testcase> <!-- C1939 -->
  <testcase name="C1949_C1950" time="0.0" classname="test.TestScripts">
    <ignored/>
  </testcase> <!-- C1949_C1950 -->
  <testcase name="C11990" time="0.0" classname="test.TestScripts">
    <ignored/>
  </testcase> <!-- C11990 -->
  <testcase name="C12155" time="0.0" classname="test.TestScripts">
    <ignored/>
  </testcase> <!-- C12155 -->
  <testcase name="C63316" time="0.0" classname="test.TestScripts">
    <ignored/>
  </testcase> <!-- C63316 -->
  <testcase name="C1870" time="0.0" classname="test.TestScripts">
    <ignored/>
  </testcase> <!-- C1870 -->
  <testcase name="C1946" time="0.0" classname="test.TestScripts">
    <ignored/>
  </testcase> <!-- C1946 -->
  <testcase name="C1869" time="0.0" classname="test.TestScripts">
    <ignored/>
  </testcase> <!-- C1869 -->
  <testcase name="C25354" time="0.0" classname="test.TestScripts">
    <ignored/>
  </testcase> <!-- C25354 -->
  <testcase name="C1871" time="0.0" classname="test.TestScripts">
    <ignored/>
  </testcase> <!-- C1871 -->
  <testcase name="C68055" time="0.0" classname="test.TestScripts">
    <ignored/>
  </testcase> <!-- C68055 -->
  <testcase name="C1944" time="0.0" classname="test.TestScripts">
    <ignored/>
  </testcase> <!-- C1944 -->
  <testcase name="C1952" time="0.0" classname="test.TestScripts">
    <ignored/>
  </testcase> <!-- C1952 -->
  <testcase name="C12006" time="0.0" classname="test.TestScripts">
    <ignored/>
  </testcase> <!-- C12006 -->
  <testcase name="C1937" time="0.0" classname="test.TestScripts">
    <ignored/>
  </testcase> <!-- C1937 -->
  <testcase name="C1948" time="0.0" classname="test.TestScripts">
    <ignored/>
  </testcase> <!-- C1948 -->
  <testcase name="C1945" time="0.0" classname="test.TestScripts">
    <ignored/>
  </testcase> <!-- C1945 -->
  <testcase name="C1942" time="0.0" classname="test.TestScripts">
    <ignored/>
  </testcase> <!-- C1942 -->
  <testcase name="C58622" time="0.0" classname="test.TestScripts">
    <ignored/>
  </testcase> <!-- C58622 -->
  <testcase name="C12005" time="0.0" classname="test.TestScripts">
    <ignored/>
  </testcase> <!-- C12005 -->
</testsuite> <!-- Test -->
